<?xml version="1.0" encoding="UTF-8"?>
<!-- Generated by org.testng.reporters.JUnitXMLReporter -->
<testsuite ignored="0" hostname="LAPTOP-RQ5ADVUS" failures="0" tests="4" name="Default test" time="15.47" errors="0" timestamp="2024-01-21T20:39:37 EET">
  <testcase classname="newAutomationProject.testCases" name="loginToWebsite" time="3.618"/>
  <testcase classname="newAutomationProject.testCases" name="addTwoRandomItems" time="0.073"/>
  <testcase classname="newAutomationProject.testCases" name="checkoutProcess" time="8.509"/>
  <testcase classname="newAutomationProject.testCases" name="logout" time="2.1"/>
</testsuite> <!-- Default test -->
