<?xml version="1.0" encoding="UTF-8"?>
<!-- Generated by org.testng.reporters.JUnitXMLReporter -->
<testsuite ignored="0" hostname="LAPTOP-RQ5ADVUS" failures="0" tests="4" name="Default test" time="15.395" errors="0" timestamp="2024-01-21T21:52:49 EET">
  <testcase classname="newAutomationProject.testCases" name="loginToWebsite" time="3.572"/>
  <testcase classname="newAutomationProject.testCases" name="addTwoRandomItems" time="0.082"/>
  <testcase classname="newAutomationProject.testCases" name="checkoutProcess" time="8.425"/>
  <testcase classname="newAutomationProject.testCases" name="logout" time="2.138"/>
</testsuite> <!-- Default test -->
