<?xml version="1.0" encoding="UTF-8"?>
<testng-results ignored="0" total="4" passed="4" failed="0" skipped="0">
  <reporter-output>
  </reporter-output>
  <suite started-at="2024-01-21T21:39:03 EET" name="Default suite" finished-at="2024-01-21T21:39:18 EET" duration-ms="15352">
    <groups>
    </groups>
    <test started-at="2024-01-21T21:39:03 EET" name="Default test" finished-at="2024-01-21T21:39:18 EET" duration-ms="15352">
      <class name="newAutomationProject.testCases">
        <test-method is-config="true" signature="setup()[pri:0, instance:newAutomationProject.testCases@5b04476e]" started-at="2024-01-21T21:39:03 EET" name="setup" finished-at="2024-01-21T21:39:04 EET" duration-ms="1000" status="PASS">
          <reporter-output>
          </reporter-output>
        </test-method> <!-- setup -->
        <test-method signature="loginToWebsite()[pri:1, instance:newAutomationProject.testCases@5b04476e]" started-at="2024-01-21T21:39:04 EET" name="loginToWebsite" finished-at="2024-01-21T21:39:08 EET" duration-ms="3590" status="PASS">
          <reporter-output>
          </reporter-output>
        </test-method> <!-- loginToWebsite -->
        <test-method signature="addTwoRandomItems()[pri:2, instance:newAutomationProject.testCases@5b04476e]" started-at="2024-01-21T21:39:08 EET" name="addTwoRandomItems" finished-at="2024-01-21T21:39:08 EET" duration-ms="74" status="PASS">
          <reporter-output>
          </reporter-output>
        </test-method> <!-- addTwoRandomItems -->
        <test-method signature="checkoutProcess()[pri:3, instance:newAutomationProject.testCases@5b04476e]" started-at="2024-01-21T21:39:08 EET" name="checkoutProcess" finished-at="2024-01-21T21:39:16 EET" duration-ms="8545" status="PASS">
          <reporter-output>
          </reporter-output>
        </test-method> <!-- checkoutProcess -->
        <test-method signature="logout()[pri:5, instance:newAutomationProject.testCases@5b04476e]" started-at="2024-01-21T21:39:16 EET" name="logout" finished-at="2024-01-21T21:39:18 EET" duration-ms="2113" status="PASS">
          <reporter-output>
          </reporter-output>
        </test-method> <!-- logout -->
      </class> <!-- newAutomationProject.testCases -->
    </test> <!-- Default test -->
  </suite> <!-- Default suite -->
</testng-results>
